Collecting poetry==2.1.1
  Using cached poetry-2.1.1-py3-none-any.whl.metadata (7.1 kB)
Collecting build<2.0.0,>=1.2.1 (from poetry==2.1.1)
  Using cached build-1.2.2.post1-py3-none-any.whl.metadata (6.5 kB)
Collecting cachecontrol<0.15.0,>=0.14.0 (from cachecontrol[filecache]<0.15.0,>=0.14.0->poetry==2.1.1)
  Using cached cachecontrol-0.14.2-py3-none-any.whl.metadata (3.1 kB)
Collecting cleo<3.0.0,>=2.1.0 (from poetry==2.1.1)
  Using cached cleo-2.1.0-py3-none-any.whl.metadata (12 kB)
Collecting dulwich<0.23.0,>=0.22.6 (from poetry==2.1.1)
  Downloading dulwich-0.22.8-cp311-cp311-win_amd64.whl.metadata (5.1 kB)
Collecting fastjsonschema<3.0.0,>=2.18.0 (from poetry==2.1.1)
  Downloading fastjsonschema-2.21.1-py3-none-any.whl.metadata (2.2 kB)
Collecting findpython<0.7.0,>=0.6.2 (from poetry==2.1.1)
  Downloading findpython-0.6.2-py3-none-any.whl.metadata (5.3 kB)
Collecting installer<0.8.0,>=0.7.0 (from poetry==2.1.1)
  Downloading installer-0.7.0-py3-none-any.whl.metadata (936 bytes)
Collecting keyring<26.0.0,>=25.1.0 (from poetry==2.1.1)
  Downloading keyring-25.6.0-py3-none-any.whl.metadata (20 kB)
Collecting packaging>=24.0 (from poetry==2.1.1)
  Using cached packaging-24.2-py3-none-any.whl.metadata (3.2 kB)
Collecting pbs-installer<2026.0.0,>=2025.1.6 (from pbs-installer[download,install]<2026.0.0,>=2025.1.6->poetry==2.1.1)
  Downloading pbs_installer-2025.2.12-py3-none-any.whl.metadata (991 bytes)
Collecting pkginfo<2.0,>=1.12 (from poetry==2.1.1)
  Downloading pkginfo-1.12.1.2-py3-none-any.whl.metadata (13 kB)
Collecting platformdirs<5,>=3.0.0 (from poetry==2.1.1)
  Using cached platformdirs-4.3.6-py3-none-any.whl.metadata (11 kB)
Collecting poetry-core==2.1.1 (from poetry==2.1.1)
  Downloading poetry_core-2.1.1-py3-none-any.whl.metadata (3.5 kB)
Collecting pyproject-hooks<2.0.0,>=1.0.0 (from poetry==2.1.1)
  Downloading pyproject_hooks-1.2.0-py3-none-any.whl.metadata (1.3 kB)
Collecting requests<3.0,>=2.26 (from poetry==2.1.1)
  Using cached requests-2.32.3-py3-none-any.whl.metadata (4.6 kB)
Collecting requests-toolbelt<2.0.0,>=1.0.0 (from poetry==2.1.1)
  Downloading requests_toolbelt-1.0.0-py2.py3-none-any.whl.metadata (14 kB)
Collecting shellingham<2.0,>=1.5 (from poetry==2.1.1)
  Downloading shellingham-1.5.4-py2.py3-none-any.whl.metadata (3.5 kB)
Collecting tomlkit<1.0.0,>=0.11.4 (from poetry==2.1.1)
  Downloading tomlkit-0.13.2-py3-none-any.whl.metadata (2.7 kB)
Collecting trove-classifiers>=2022.5.19 (from poetry==2.1.1)
  Downloading trove_classifiers-2025.3.3.18-py3-none-any.whl.metadata (2.3 kB)
Collecting virtualenv<21.0.0,>=20.26.6 (from poetry==2.1.1)
  Downloading virtualenv-20.29.2-py3-none-any.whl.metadata (4.5 kB)
Collecting colorama (from build<2.0.0,>=1.2.1->poetry==2.1.1)
  Using cached colorama-0.4.6-py2.py3-none-any.whl.metadata (17 kB)
Collecting msgpack<2.0.0,>=0.5.2 (from cachecontrol<0.15.0,>=0.14.0->cachecontrol[filecache]<0.15.0,>=0.14.0->poetry==2.1.1)
  Downloading msgpack-1.1.0-cp311-cp311-win_amd64.whl.metadata (8.6 kB)
Collecting filelock>=3.8.0 (from cachecontrol[filecache]<0.15.0,>=0.14.0->poetry==2.1.1)
  Downloading filelock-3.17.0-py3-none-any.whl.metadata (2.9 kB)
Collecting crashtest<0.5.0,>=0.4.1 (from cleo<3.0.0,>=2.1.0->poetry==2.1.1)
  Downloading crashtest-0.4.1-py3-none-any.whl.metadata (1.1 kB)
Collecting rapidfuzz<4.0.0,>=3.0.0 (from cleo<3.0.0,>=2.1.0->poetry==2.1.1)
  Downloading rapidfuzz-3.12.2-cp311-cp311-win_amd64.whl.metadata (12 kB)
Collecting urllib3>=1.25 (from dulwich<0.23.0,>=0.22.6->poetry==2.1.1)
  Using cached urllib3-2.3.0-py3-none-any.whl.metadata (6.5 kB)
Collecting pywin32-ctypes>=0.2.0 (from keyring<26.0.0,>=25.1.0->poetry==2.1.1)
  Downloading pywin32_ctypes-0.2.3-py3-none-any.whl.metadata (3.9 kB)
Collecting importlib_metadata>=4.11.4 (from keyring<26.0.0,>=25.1.0->poetry==2.1.1)
  Downloading importlib_metadata-8.6.1-py3-none-any.whl.metadata (4.7 kB)
Collecting jaraco.classes (from keyring<26.0.0,>=25.1.0->poetry==2.1.1)
  Downloading jaraco.classes-3.4.0-py3-none-any.whl.metadata (2.6 kB)
Collecting jaraco.functools (from keyring<26.0.0,>=25.1.0->poetry==2.1.1)
  Downloading jaraco.functools-4.1.0-py3-none-any.whl.metadata (2.9 kB)
Collecting jaraco.context (from keyring<26.0.0,>=25.1.0->poetry==2.1.1)
  Downloading jaraco.context-6.0.1-py3-none-any.whl.metadata (4.1 kB)
Collecting httpx<1,>=0.27.0 (from pbs-installer[download,install]<2026.0.0,>=2025.1.6->poetry==2.1.1)
  Downloading httpx-0.28.1-py3-none-any.whl.metadata (7.1 kB)
Collecting zstandard>=0.21.0 (from pbs-installer[download,install]<2026.0.0,>=2025.1.6->poetry==2.1.1)
  Downloading zstandard-0.23.0-cp311-cp311-win_amd64.whl.metadata (3.0 kB)
Collecting charset-normalizer<4,>=2 (from requests<3.0,>=2.26->poetry==2.1.1)
  Using cached charset_normalizer-3.4.1-cp311-cp311-win_amd64.whl.metadata (36 kB)
Collecting idna<4,>=2.5 (from requests<3.0,>=2.26->poetry==2.1.1)
  Using cached idna-3.10-py3-none-any.whl.metadata (10 kB)
Collecting certifi>=2017.4.17 (from requests<3.0,>=2.26->poetry==2.1.1)
  Using cached certifi-2025.1.31-py3-none-any.whl.metadata (2.5 kB)
Collecting distlib<1,>=0.3.7 (from virtualenv<21.0.0,>=20.26.6->poetry==2.1.1)
  Downloading distlib-0.3.9-py2.py3-none-any.whl.metadata (5.2 kB)
Collecting anyio (from httpx<1,>=0.27.0->pbs-installer[download,install]<2026.0.0,>=2025.1.6->poetry==2.1.1)
  Downloading anyio-4.8.0-py3-none-any.whl.metadata (4.6 kB)
Collecting httpcore==1.* (from httpx<1,>=0.27.0->pbs-installer[download,install]<2026.0.0,>=2025.1.6->poetry==2.1.1)
  Downloading httpcore-1.0.7-py3-none-any.whl.metadata (21 kB)
Collecting h11<0.15,>=0.13 (from httpcore==1.*->httpx<1,>=0.27.0->pbs-installer[download,install]<2026.0.0,>=2025.1.6->poetry==2.1.1)
  Downloading h11-0.14.0-py3-none-any.whl.metadata (8.2 kB)
Collecting zipp>=3.20 (from importlib_metadata>=4.11.4->keyring<26.0.0,>=25.1.0->poetry==2.1.1)
  Downloading zipp-3.21.0-py3-none-any.whl.metadata (3.7 kB)
Collecting more-itertools (from jaraco.classes->keyring<26.0.0,>=25.1.0->poetry==2.1.1)
  Downloading more_itertools-10.6.0-py3-none-any.whl.metadata (37 kB)
Collecting backports.tarfile (from jaraco.context->keyring<26.0.0,>=25.1.0->poetry==2.1.1)
  Downloading backports.tarfile-1.2.0-py3-none-any.whl.metadata (2.0 kB)
Collecting sniffio>=1.1 (from anyio->httpx<1,>=0.27.0->pbs-installer[download,install]<2026.0.0,>=2025.1.6->poetry==2.1.1)
  Downloading sniffio-1.3.1-py3-none-any.whl.metadata (3.9 kB)
Collecting typing_extensions>=4.5 (from anyio->httpx<1,>=0.27.0->pbs-installer[download,install]<2026.0.0,>=2025.1.6->poetry==2.1.1)
  Using cached typing_extensions-4.12.2-py3-none-any.whl.metadata (3.0 kB)
Downloading poetry-2.1.1-py3-none-any.whl (277 kB)
ERROR: Exception:
Traceback (most recent call last):
  File "C:\Users\Hp\AppData\Roaming\pypoetry\venv\Lib\site-packages\pip\_vendor\urllib3\response.py", line 438, in _error_catcher
    yield
  File "C:\Users\Hp\AppData\Roaming\pypoetry\venv\Lib\site-packages\pip\_vendor\urllib3\response.py", line 561, in read
    data = self._fp_read(amt) if not fp_closed else b""
           ^^^^^^^^^^^^^^^^^^
  File "C:\Users\Hp\AppData\Roaming\pypoetry\venv\Lib\site-packages\pip\_vendor\urllib3\response.py", line 527, in _fp_read
    return self._fp.read(amt) if amt is not None else self._fp.read()
           ^^^^^^^^^^^^^^^^^^
  File "C:\Users\Hp\AppData\Roaming\pypoetry\venv\Lib\site-packages\pip\_vendor\cachecontrol\filewrapper.py", line 98, in read
    data: bytes = self.__fp.read(amt)
                  ^^^^^^^^^^^^^^^^^^^
  File "C:\Users\Hp\AppData\Local\Programs\Python\Python311\Lib\http\client.py", line 473, in read
    s = self.fp.read(amt)
        ^^^^^^^^^^^^^^^^^
  File "C:\Users\Hp\AppData\Local\Programs\Python\Python311\Lib\socket.py", line 706, in readinto
    return self._sock.recv_into(b)
           ^^^^^^^^^^^^^^^^^^^^^^^
  File "C:\Users\Hp\AppData\Local\Programs\Python\Python311\Lib\ssl.py", line 1314, in recv_into
    return self.read(nbytes, buffer)
           ^^^^^^^^^^^^^^^^^^^^^^^^^
  File "C:\Users\Hp\AppData\Local\Programs\Python\Python311\Lib\ssl.py", line 1166, in read
    return self._sslobj.read(len, buffer)
           ^^^^^^^^^^^^^^^^^^^^^^^^^^^^^^
ssl.SSLError: [SSL: DECRYPTION_FAILED_OR_BAD_RECORD_MAC] decryption failed or bad record mac (_ssl.c:2580)

During handling of the above exception, another exception occurred:

Traceback (most recent call last):
  File "C:\Users\Hp\AppData\Roaming\pypoetry\venv\Lib\site-packages\pip\_internal\cli\base_command.py", line 106, in _run_wrapper
    status = _inner_run()
             ^^^^^^^^^^^^
  File "C:\Users\Hp\AppData\Roaming\pypoetry\venv\Lib\site-packages\pip\_internal\cli\base_command.py", line 97, in _inner_run
    return self.run(options, args)
           ^^^^^^^^^^^^^^^^^^^^^^^
  File "C:\Users\Hp\AppData\Roaming\pypoetry\venv\Lib\site-packages\pip\_internal\cli\req_command.py", line 67, in wrapper
    return func(self, options, args)
           ^^^^^^^^^^^^^^^^^^^^^^^^^
  File "C:\Users\Hp\AppData\Roaming\pypoetry\venv\Lib\site-packages\pip\_internal\commands\install.py", line 386, in run
    requirement_set = resolver.resolve(
                      ^^^^^^^^^^^^^^^^^
  File "C:\Users\Hp\AppData\Roaming\pypoetry\venv\Lib\site-packages\pip\_internal\resolution\resolvelib\resolver.py", line 179, in resolve
    self.factory.preparer.prepare_linked_requirements_more(reqs)
  File "C:\Users\Hp\AppData\Roaming\pypoetry\venv\Lib\site-packages\pip\_internal\operations\prepare.py", line 554, in prepare_linked_requirements_more
    self._complete_partial_requirements(
  File "C:\Users\Hp\AppData\Roaming\pypoetry\venv\Lib\site-packages\pip\_internal\operations\prepare.py", line 469, in _complete_partial_requirements
    for link, (filepath, _) in batch_download:
  File "C:\Users\Hp\AppData\Roaming\pypoetry\venv\Lib\site-packages\pip\_internal\network\download.py", line 184, in __call__
    for chunk in chunks:
  File "C:\Users\Hp\AppData\Roaming\pypoetry\venv\Lib\site-packages\pip\_internal\network\utils.py", line 65, in response_chunks
    for chunk in response.raw.stream(
  File "C:\Users\Hp\AppData\Roaming\pypoetry\venv\Lib\site-packages\pip\_vendor\urllib3\response.py", line 622, in stream
    data = self.read(amt=amt, decode_content=decode_content)
           ^^^^^^^^^^^^^^^^^^^^^^^^^^^^^^^^^^^^^^^^^^^^^^^^^
  File "C:\Users\Hp\AppData\Roaming\pypoetry\venv\Lib\site-packages\pip\_vendor\urllib3\response.py", line 560, in read
    with self._error_catcher():
  File "C:\Users\Hp\AppData\Local\Programs\Python\Python311\Lib\contextlib.py", line 158, in __exit__
    self.gen.throw(typ, value, traceback)
  File "C:\Users\Hp\AppData\Roaming\pypoetry\venv\Lib\site-packages\pip\_vendor\urllib3\response.py", line 449, in _error_catcher
    raise SSLError(e)
pip._vendor.urllib3.exceptions.SSLError: [SSL: DECRYPTION_FAILED_OR_BAD_RECORD_MAC] decryption failed or bad record mac (_ssl.c:2580)

Traceback:

  File "<stdin>", line 937, in main
  File "<stdin>", line 574, in run
  File "<stdin>", line 596, in install
  File "<stdin>", line 699, in install_poetry
  File "<stdin>", line 389, in pip
  File "<stdin>", line 386, in python
  File "<stdin>", line 379, in run
